<?xml version="1.0" encoding="UTF-8"?>
<testsuite xmlns:xsi="http://www.w3.org/2001/XMLSchema-instance" xsi:noNamespaceSchemaLocation="https://maven.apache.org/surefire/maven-failsafe-plugin/xsd/failsafe-test-report-3.0.xsd" version="3.0" name="io.atlassian.micros.myservice.WebServiceTestsIT" time="0.904" tests="1" errors="0" skipped="0" failures="0">
  <properties>
[...]
</properties>
  <testcase name="serviceStartsInSandboxSuccessfully" classname="io.atlassian.micros.myservice.WebServiceTestsIT" time="0.682">
    <system-out><![CDATA[15:03:41.378 [main] DEBUG org.apache.http.client.protocol.RequestAddCookies - CookieSpec selected: default
15:03:41.390 [main] DEBUG org.apache.http.client.protocol.RequestAuthCache - Auth cache not set in the context
15:03:41.391 [main] DEBUG org.apache.http.impl.conn.PoolingHttpClientConnectionManager - Connection request: [route: {}->http://localhost:8080][total available: 0; route allocated: 0 of 2; total allocated: 0 of 20]
15:03:41.400 [main] DEBUG org.apache.http.impl.conn.PoolingHttpClientConnectionManager - Connection leased: [id: 0][route: {}->http://localhost:8080][total available: 0; route allocated: 1 of 2; total allocated: 1 of 20]
15:03:41.401 [main] DEBUG org.apache.http.impl.execchain.MainClientExec - Opening connection {}->http://localhost:8080
15:03:41.424 [main] DEBUG org.apache.http.impl.conn.DefaultHttpClientConnectionOperator - Connecting to localhost/127.0.0.1:8080
15:03:41.433 [main] DEBUG org.apache.http.impl.conn.DefaultHttpClientConnectionOperator - Connection established 127.0.0.1:54303<->127.0.0.1:8080
15:03:41.433 [main] DEBUG org.apache.http.impl.execchain.MainClientExec - Executing request GET /heartbeat HTTP/1.1
15:03:41.434 [main] DEBUG org.apache.http.impl.execchain.MainClientExec - Target auth state: UNCHALLENGED
15:03:41.435 [main] DEBUG org.apache.http.impl.execchain.MainClientExec - Proxy auth state: UNCHALLENGED
15:03:41.437 [main] DEBUG org.apache.http.headers - http-outgoing-0 >> GET /heartbeat HTTP/1.1
15:03:41.437 [main] DEBUG org.apache.http.headers - http-outgoing-0 >> Host: localhost:8080
15:03:41.437 [main] DEBUG org.apache.http.headers - http-outgoing-0 >> Connection: Keep-Alive
15:03:41.437 [main] DEBUG org.apache.http.headers - http-outgoing-0 >> User-Agent: Apache-HttpClient/4.5.13 (Java/11.0.11)
15:03:41.438 [main] DEBUG org.apache.http.headers - http-outgoing-0 >> Accept-Encoding: gzip,deflate
15:03:41.438 [main] DEBUG org.apache.http.wire - http-outgoing-0 >> "GET /heartbeat HTTP/1.1[\r][\n]"
15:03:41.438 [main] DEBUG org.apache.http.wire - http-outgoing-0 >> "Host: localhost:8080[\r][\n]"
15:03:41.438 [main] DEBUG org.apache.http.wire - http-outgoing-0 >> "Connection: Keep-Alive[\r][\n]"
15:03:41.438 [main] DEBUG org.apache.http.wire - http-outgoing-0 >> "User-Agent: Apache-HttpClient/4.5.13 (Java/11.0.11)[\r][\n]"
15:03:41.438 [main] DEBUG org.apache.http.wire - http-outgoing-0 >> "Accept-Encoding: gzip,deflate[\r][\n]"
15:03:41.438 [main] DEBUG org.apache.http.wire - http-outgoing-0 >> "[\r][\n]"
15:03:41.481 [main] DEBUG org.apache.http.wire - http-outgoing-0 << "HTTP/1.1 200 [\r][\n]"
15:03:41.481 [main] DEBUG org.apache.http.wire - http-outgoing-0 << "Content-Type: application/vnd.spring-boot.actuator.v3+json[\r][\n]"
15:03:41.481 [main] DEBUG org.apache.http.wire - http-outgoing-0 << "Content-Length: 4[\r][\n]"
15:03:41.481 [main] DEBUG org.apache.http.wire - http-outgoing-0 << "Date: Wed, 09 Mar 2022 09:33:41 GMT[\r][\n]"
15:03:41.481 [main] DEBUG org.apache.http.wire - http-outgoing-0 << "Keep-Alive: timeout=120[\r][\n]"
15:03:41.481 [main] DEBUG org.apache.http.wire - http-outgoing-0 << "Connection: keep-alive[\r][\n]"
15:03:41.481 [main] DEBUG org.apache.http.wire - http-outgoing-0 << "[\r][\n]"
15:03:41.481 [main] DEBUG org.apache.http.wire - http-outgoing-0 << ""UP""
15:03:41.487 [main] DEBUG org.apache.http.headers - http-outgoing-0 << HTTP/1.1 200 
15:03:41.487 [main] DEBUG org.apache.http.headers - http-outgoing-0 << Content-Type: application/vnd.spring-boot.actuator.v3+json
15:03:41.487 [main] DEBUG org.apache.http.headers - http-outgoing-0 << Content-Length: 4
15:03:41.487 [main] DEBUG org.apache.http.headers - http-outgoing-0 << Date: Wed, 09 Mar 2022 09:33:41 GMT
15:03:41.487 [main] DEBUG org.apache.http.headers - http-outgoing-0 << Keep-Alive: timeout=120
15:03:41.487 [main] DEBUG org.apache.http.headers - http-outgoing-0 << Connection: keep-alive
15:03:41.491 [main] DEBUG org.apache.http.impl.execchain.MainClientExec - Connection can be kept alive for 120000 MILLISECONDS
]]></system-out>
  </testcase>
</testsuite>